<?xml version="1.0" encoding="UTF-8"?>
<testsuite name="TestStart" tests="1" skipped="0" failures="0" errors="0" timestamp="2022-02-28T21:04:58" hostname="Mershelles-MBP.hsd1.wa.comcast.net" time="0.005">
  <properties/>
  <testcase name="testOk" classname="TestStart" time="0.005"/>
  <system-out><![CDATA[]]></system-out>
  <system-err><![CDATA[]]></system-err>
</testsuite>
