<?xml version="1.0" encoding="UTF-8"?>
<testsuite name="TestNamedArguments" tests="1" skipped="0" failures="0" errors="0" timestamp="2022-02-28T21:32:54" hostname="Mershelles-MBP.hsd1.wa.comcast.net" time="0.044">
  <properties/>
  <testcase name="testJoinToString" classname="TestNamedArguments" time="0.044"/>
  <system-out><![CDATA[]]></system-out>
  <system-err><![CDATA[]]></system-err>
</testsuite>
